<?xml version="1.0" encoding="UTF-8"?>
<!-- Generated by org.testng.reporters.JUnitXMLReporter -->
<testsuite ignored="7" hostname="DESKTOP-91HRFE0" failures="2" tests="24" name="Test" time="356.75" errors="0" timestamp="2023-01-02T21:17:56 IST">
  <testcase classname="Test.LoginPageTest1" name="LoginPageLogo" time="2.294"/>
  <testcase classname="Test.LoginPageTest1" name="forgetPasswordLink" time="0.582"/>
  <testcase classname="Test.LoginPageTest1" name="LoginButtonDisplay" time="0.556"/>
  <testcase classname="Test.LoginPageTest1" name="HiringTitleTest" time="0.015"/>
  <testcase classname="Test.LoginPageTest1" name="UserPageTest" time="10.7"/>
  <testcase classname="Test.LoginPageTest1" name="LogoTest" time="1.485"/>
  <testcase classname="Test.UsersPageTest2" name="AddUserTest1" time="29.616"/>
  <testcase classname="Test.UsersPageTest2" name="DeleteUsers" time="5.644"/>
  <testcase classname="Test.UsersPageTest2" name="AdAgency" time="14.78"/>
  <testcase classname="Test.UsersPageTest2" name="SearchAgency" time="2.65"/>
  <testcase classname="Test.UsersPageTest2" name="deleteAgency" time="0.003">
    <failure type="java.lang.NullPointerException" message="Cannot invoke &amp;quot;org.openqa.selenium.WebElement.click()&amp;quot; because the return value of &amp;quot;PageOrder.UsersPage.DeleteAgncy(String)&amp;quot; is null">
      <![CDATA[java.lang.NullPointerException: Cannot invoke "org.openqa.selenium.WebElement.click()" because the return value of "PageOrder.UsersPage.DeleteAgncy(String)" is null
at PageOrder.UsersPage.deleteAgencyAj(UsersPage.java:280)
at Test.UsersPageTest2.deleteAgency(UsersPageTest2.java:85)
at java.base/java.util.ArrayList.forEach(ArrayList.java:1511)
... Removed 27 stack frames]]>
    </failure>
  </testcase> <!-- deleteAgency -->
  <testcase classname="Test.UsersPageTest2" name="SearchingJd" time="3.852"/>
  <testcase classname="Test.UsersPageTest2" name="addJD" time="40.287"/>
  <testcase classname="Test.UsersPageTest2" name="ViewProfileJD" time="12.92"/>
  <testcase classname="Test.UsersPageTest2" name="ViewrejectProfile" time="53.944"/>
  <testcase classname="Test.UsersPageTest2" name="ViewDuplicateProf" time="65.356">
    <failure type="org.openqa.selenium.NoSuchElementException" message="no such element: Unable to locate element: {&amp;quot;method&amp;quot;:&amp;quot;xpath&amp;quot;,&amp;quot;selector&amp;quot;:&amp;quot;//textarea[@name=&amp;apos;shortlisterComment&amp;apos;]&amp;quot;}
  (Session info: chrome=108.0.5359.125)
For documentation on this error, please visit: https://selenium.dev/exceptions/#no_such_element
Build info: version: &amp;apos;4.4.0&amp;apos;, revision: &amp;apos;e5c75ed026a&amp;apos;
System info: host: &amp;apos;DESKTOP-91HRFE0&amp;apos;, ip: &amp;apos;192.168.1.28&amp;apos;, os.name: &amp;apos;Windows 10&amp;apos;, os.arch: &amp;apos;amd64&amp;apos;, os.version: &amp;apos;10.0&amp;apos;, java.version: &amp;apos;17.0.5&amp;apos;
Driver info: org.openqa.selenium.chrome.ChromeDriver
Command: [e7fd54643a76e6a1c3e825ede862621f, findElement {using=xpath, value=//textarea[@name=&amp;apos;shortlisterComment&amp;apos;]}]
Capabilities {acceptInsecureCerts: false, browserName: chrome, browserVersion: 108.0.5359.125, chrome: {chromedriverVersion: 107.0.5304.62 (1eec40d3a576..., userDataDir: C:\Users\BRIGOS~1\AppData\L...}, goog:chromeOptions: {debuggerAddress: localhost:60520}, networkConnectionEnabled: false, pageLoadStrategy: normal, platformName: WINDOWS, proxy: Proxy(), se:cdp: ws://localhost:60520/devtoo..., se:cdpVersion: 108.0.5359.125, setWindowRect: true, strictFileInteractability: false, timeouts: {implicit: 0, pageLoad: 300000, script: 30000}, unhandledPromptBehavior: dismiss and notify, webauthn:extension:credBlob: true, webauthn:extension:largeBlob: true, webauthn:virtualAuthenticators: true}
Session ID: e7fd54643a76e6a1c3e825ede862621f">
      <![CDATA[org.openqa.selenium.NoSuchElementException: no such element: Unable to locate element: {"method":"xpath","selector":"//textarea[@name='shortlisterComment']"}
  (Session info: chrome=108.0.5359.125)
For documentation on this error, please visit: https://selenium.dev/exceptions/#no_such_element
Build info: version: '4.4.0', revision: 'e5c75ed026a'
System info: host: 'DESKTOP-91HRFE0', ip: '192.168.1.28', os.name: 'Windows 10', os.arch: 'amd64', os.version: '10.0', java.version: '17.0.5'
Driver info: org.openqa.selenium.chrome.ChromeDriver
Command: [e7fd54643a76e6a1c3e825ede862621f, findElement {using=xpath, value=//textarea[@name='shortlisterComment']}]
Capabilities {acceptInsecureCerts: false, browserName: chrome, browserVersion: 108.0.5359.125, chrome: {chromedriverVersion: 107.0.5304.62 (1eec40d3a576..., userDataDir: C:\Users\BRIGOS~1\AppData\L...}, goog:chromeOptions: {debuggerAddress: localhost:60520}, networkConnectionEnabled: false, pageLoadStrategy: normal, platformName: WINDOWS, proxy: Proxy(), se:cdp: ws://localhost:60520/devtoo..., se:cdpVersion: 108.0.5359.125, setWindowRect: true, strictFileInteractability: false, timeouts: {implicit: 0, pageLoad: 300000, script: 30000}, unhandledPromptBehavior: dismiss and notify, webauthn:extension:credBlob: true, webauthn:extension:largeBlob: true, webauthn:virtualAuthenticators: true}
Session ID: e7fd54643a76e6a1c3e825ede862621f
at org.openqa.selenium.remote.codec.w3c.W3CHttpResponseCodec.createException(W3CHttpResponseCodec.java:200)
at org.openqa.selenium.remote.codec.w3c.W3CHttpResponseCodec.decode(W3CHttpResponseCodec.java:133)
at org.openqa.selenium.remote.codec.w3c.W3CHttpResponseCodec.decode(W3CHttpResponseCodec.java:53)
at org.openqa.selenium.remote.HttpCommandExecutor.execute(HttpCommandExecutor.java:184)
at org.openqa.selenium.remote.service.DriverCommandExecutor.invokeExecute(DriverCommandExecutor.java:167)
at org.openqa.selenium.remote.service.DriverCommandExecutor.execute(DriverCommandExecutor.java:142)
at org.openqa.selenium.remote.RemoteWebDriver.execute(RemoteWebDriver.java:547)
at org.openqa.selenium.remote.ElementLocation$ElementFinder$2.findElement(ElementLocation.java:162)
at org.openqa.selenium.remote.ElementLocation.findElement(ElementLocation.java:60)
at org.openqa.selenium.remote.RemoteWebDriver.findElement(RemoteWebDriver.java:365)
at org.openqa.selenium.remote.RemoteWebDriver.findElement(RemoteWebDriver.java:357)
at org.openqa.selenium.support.pagefactory.DefaultElementLocator.findElement(DefaultElementLocator.java:70)
at org.openqa.selenium.support.pagefactory.internal.LocatingElementHandler.invoke(LocatingElementHandler.java:39)
at jdk.proxy2/jdk.proxy2.$Proxy17.sendKeys(Unknown Source)
at PageOrder.JobsPage.ViewProfileDuplicate(JobsPage.java:649)
at Test.UsersPageTest2.ViewDuplicateProf(UsersPageTest2.java:189)
at java.base/java.util.ArrayList.forEach(ArrayList.java:1511)
... Removed 32 stack frames]]>
    </failure>
  </testcase> <!-- ViewDuplicateProf -->
  <testcase classname="Test.UsersPageTest2" name="panelistAdd" time="11.637"/>
  <testcase classname="Test.UsersPageTest2" name="addingSlots" time="22.499"/>
  <testcase classname="Test.UsersPageTest2" name="searchingPanelists" time="6.051"/>
  <testcase classname="Test.UsersPageTest2" name="editingPanelists" time="4.907"/>
  <testcase classname="Test.UsersPageTest2" name="panelistOverviewDisplay" time="13.816"/>
  <testcase classname="Test.UsersPageTest2" name="jobProfilesDisplay" time="14.902"/>
  <testcase classname="Test.UsersPageTest2" name="recruitersDisplay" time="25.475"/>
  <testcase classname="Test.UsersPageTest2" name="hrRoundDataDisplay" time="12.227"/>
  <testcase classname="Test.JobsPageTest" name="addJD" time="0.0">
    <ignored/>
  </testcase> <!-- addJD -->
  <testcase classname="Test.PanelistsPageTest3" name="editingPanelists" time="0.0">
    <ignored/>
  </testcase> <!-- editingPanelists -->
  <testcase classname="Test.PanelistsPageTest3" name="searchingPanelists" time="0.0">
    <ignored/>
  </testcase> <!-- searchingPanelists -->
  <testcase classname="BaseB.BaseT" name="@BeforeSuite initilization" time="0.0">
    <ignored/>
  </testcase> <!-- @BeforeSuite initilization -->
  <testcase classname="BaseB.BaseT" name="@BeforeSuite initilization" time="0.0">
    <ignored/>
  </testcase> <!-- @BeforeSuite initilization -->
  <testcase classname="BaseB.BaseT" name="@BeforeSuite initilization" time="0.0">
    <ignored/>
  </testcase> <!-- @BeforeSuite initilization -->
  <testcase classname="Test.PanelistsPageTest3" name="panelistAdd" time="0.0">
    <ignored/>
  </testcase> <!-- panelistAdd -->
</testsuite> <!-- Test -->
